<?xml version="1.0" encoding="UTF-8"?>
<!-- Generated by org.testng.reporters.JUnitReportReporter -->
<testsuite hostname="DESKTOP-M6FEVRG" failures="0" tests="2" name="testCases.TC01_E2E_Test" time="31.519" errors="0" timestamp="2023-03-29T18:19:37 SAST" skipped="0">
  <testcase classname="testCases.TC01_E2E_Test" name="tearDown" time="7.295"/>
  <system-out/>
  <testcase classname="testCases.TC01_E2E_Test" name="loginTest" time="24.224"/>
  <system-out/>
</testsuite> <!-- testCases.TC01_E2E_Test -->
